<?xml version="1.0" encoding="UTF-8"?><testsuite name="nosetests" tests="23" errors="0" failures="0" skip="7"><testcase classname="test.test_handlers.TestHandlers" name="test_all_api_urls_404" time="0.718" /><testcase classname="test.test_handlers.TestHandlers" name="test_cluster_creation" time="1.001" /><testcase classname="test.test_handlers.TestHandlers" name="test_cluster_creation_pass" time="0.796" /><testcase classname="test.test_handlers.TestHandlers" name="test_cluster_node_list_update" time="1.288" /><testcase classname="test.test_handlers.TestHandlers" name="test_cluster_update" time="1.054" /><testcase classname="test.test_handlers.TestHandlers" name="test_network_create" time="0.000"><skipped type="unittest.case.SkipTest" message="obsolete"><![CDATA[SkipTest: obsolete
]]></skipped></testcase><testcase classname="test.test_handlers.TestHandlers" name="test_node_creation" time="0.805" /><testcase classname="test.test_handlers.TestHandlers" name="test_node_creation_using_put" time="0.000"><skipped type="unittest.case.SkipTest" message="wth?"><![CDATA[SkipTest: wth?
]]></skipped></testcase><testcase classname="test.test_handlers.TestHandlers" name="test_node_creation_with_id" time="0.723" /><testcase classname="test.test_handlers.TestHandlers" name="test_node_deletion" time="0.972" /><testcase classname="test.test_handlers.TestHandlers" name="test_node_valid_list_of_new_roles_gets_updated" time="0.921" /><testcase classname="test.test_handlers.TestHandlers" name="test_node_valid_metadata_gets_updated" time="0.916" /><testcase classname="test.test_handlers.TestHandlers" name="test_node_valid_status_gets_updated" time="1.018" /><testcase classname="test.test_handlers.TestHandlers" name="test_put_returns_400_if_interfaces_empty" time="0.000"><skipped type="unittest.case.SkipTest" message="no validation of metadata"><![CDATA[SkipTest: no validation of metadata
]]></skipped></testcase><testcase classname="test.test_handlers.TestHandlers" name="test_put_returns_400_if_no_block_device_attr" time="0.000"><skipped type="unittest.case.SkipTest" message="no validation of metadata"><![CDATA[SkipTest: no validation of metadata
]]></skipped></testcase><testcase classname="test.test_handlers.TestHandlers" name="test_put_returns_400_if_no_body" time="0.808" /><testcase classname="test.test_handlers.TestHandlers" name="test_put_returns_400_if_no_cpu_attr" time="0.000"><skipped type="unittest.case.SkipTest" message="no validation of metadata"><![CDATA[SkipTest: no validation of metadata
]]></skipped></testcase><testcase classname="test.test_handlers.TestHandlers" name="test_put_returns_400_if_no_interfaces_attr" time="0.000"><skipped type="unittest.case.SkipTest" message="no validation of metadata"><![CDATA[SkipTest: no validation of metadata
]]></skipped></testcase><testcase classname="test.test_handlers.TestHandlers" name="test_put_returns_400_if_no_memory_attr" time="0.000"><skipped type="unittest.case.SkipTest" message="no validation of metadata"><![CDATA[SkipTest: no validation of metadata
]]></skipped></testcase><testcase classname="test.test_handlers.TestHandlers" name="test_put_returns_400_if_wrong_status" time="0.811" /><testcase classname="test.test_handlers.TestHandlers" name="test_put_returns_415_if_wrong_content_type" time="0.930" /><testcase classname="test.test_handlers.TestHandlers" name="test_release_create" time="0.830" /><testcase classname="test.test_handlers.TestHandlers" name="test_release_creation" time="0.855" /></testsuite>